<?xml version="1.0" encoding="UTF-8"?>
<testng-results ignored="0" total="4" passed="4" failed="0" skipped="0">
  <reporter-output>
  </reporter-output>
  <suite started-at="2024-08-16T20:21:09 IST" name="Default suite" finished-at="2024-08-16T20:21:14 IST" duration-ms="4489">
    <groups>
    </groups>
    <test started-at="2024-08-16T20:21:09 IST" name="Default test" finished-at="2024-08-16T20:21:14 IST" duration-ms="4489">
      <class name="ReqRes_API_Basic_Tests.ReqRes_API_Basic">
        <test-method signature="getUsers()[pri:1, instance:ReqRes_API_Basic_Tests.ReqRes_API_Basic@729d991e]" started-at="2024-08-16T20:21:09 IST" name="getUsers" finished-at="2024-08-16T20:21:12 IST" duration-ms="2634" status="PASS">
          <reporter-output>
          </reporter-output>
        </test-method> <!-- getUsers -->
        <test-method signature="createUser()[pri:2, instance:ReqRes_API_Basic_Tests.ReqRes_API_Basic@729d991e]" started-at="2024-08-16T20:21:12 IST" name="createUser" finished-at="2024-08-16T20:21:13 IST" duration-ms="940" status="PASS">
          <reporter-output>
          </reporter-output>
        </test-method> <!-- createUser -->
        <test-method signature="updateUser()[pri:3, instance:ReqRes_API_Basic_Tests.ReqRes_API_Basic@729d991e]" started-at="2024-08-16T20:21:13 IST" name="updateUser" finished-at="2024-08-16T20:21:13 IST" depends-on-methods="ReqRes_API_Basic_Tests.ReqRes_API_Basic.createUser" duration-ms="418" status="PASS">
          <reporter-output>
          </reporter-output>
        </test-method> <!-- updateUser -->
        <test-method signature="deleteUser()[pri:4, instance:ReqRes_API_Basic_Tests.ReqRes_API_Basic@729d991e]" started-at="2024-08-16T20:21:13 IST" name="deleteUser" finished-at="2024-08-16T20:21:14 IST" duration-ms="434" status="PASS">
          <reporter-output>
          </reporter-output>
        </test-method> <!-- deleteUser -->
      </class> <!-- ReqRes_API_Basic_Tests.ReqRes_API_Basic -->
    </test> <!-- Default test -->
  </suite> <!-- Default suite -->
</testng-results>
