<?xml version="1.0" encoding="UTF-8"?>
<testng-results ignored="0" total="2" passed="2" failed="0" skipped="0">
  <reporter-output>
  </reporter-output>
  <suite started-at="2024-08-16T22:18:07 IST" name="Default suite" finished-at="2024-08-16T22:18:11 IST" duration-ms="3756">
    <groups>
    </groups>
    <test started-at="2024-08-16T22:18:07 IST" name="Default test" finished-at="2024-08-16T22:18:11 IST" duration-ms="3756">
      <class name="ReqRes_API_Basic_Tests.ReqRes_API_Users">
        <test-method signature="registeruser()[pri:0, instance:ReqRes_API_Basic_Tests.ReqRes_API_Users@3e11f9e9]" started-at="2024-08-16T22:18:07 IST" name="registeruser" finished-at="2024-08-16T22:18:10 IST" duration-ms="3073" status="PASS">
          <reporter-output>
          </reporter-output>
        </test-method> <!-- registeruser -->
        <test-method signature="unsucessfulregisteruser()[pri:0, instance:ReqRes_API_Basic_Tests.ReqRes_API_Users@3e11f9e9]" started-at="2024-08-16T22:18:10 IST" name="unsucessfulregisteruser" finished-at="2024-08-16T22:18:11 IST" duration-ms="638" status="PASS">
          <reporter-output>
          </reporter-output>
        </test-method> <!-- unsucessfulregisteruser -->
      </class> <!-- ReqRes_API_Basic_Tests.ReqRes_API_Users -->
    </test> <!-- Default test -->
  </suite> <!-- Default suite -->
</testng-results>
