<?xml version="1.0" encoding="UTF-8"?>
<!-- Generated by org.testng.reporters.JUnitXMLReporter -->
<testsuite ignored="0" hostname="HYPERSPACE" failures="0" tests="4" name="Default test" time="6.173" errors="0" timestamp="2024-08-16T22:43:28 IST">
  <testcase classname="ReqRes_API_Basic_Tests.ReqRes_API_Users" name="registeruser" time="2.933"/>
  <testcase classname="ReqRes_API_Basic_Tests.ReqRes_API_Users" name="sucessfullLogin" time="0.75"/>
  <testcase classname="ReqRes_API_Basic_Tests.ReqRes_API_Users" name="unsucessfullLogin" time="1.743"/>
  <testcase classname="ReqRes_API_Basic_Tests.ReqRes_API_Users" name="unsucessfulregisteruser" time="0.701"/>
</testsuite> <!-- Default test -->
