<?xml version="1.0" encoding="UTF-8"?>
<!-- Generated by org.testng.reporters.JUnitXMLReporter -->
<testsuite ignored="0" hostname="HYPERSPACE" failures="0" tests="4" name="Default test" time="4.489" errors="0" timestamp="2024-08-16T20:21:14 IST">
  <testcase classname="ReqRes_API_Basic_Tests.ReqRes_API_Basic" name="getUsers" time="2.634"/>
  <testcase classname="ReqRes_API_Basic_Tests.ReqRes_API_Basic" name="createUser" time="0.94"/>
  <testcase classname="ReqRes_API_Basic_Tests.ReqRes_API_Basic" name="updateUser" time="0.418"/>
  <testcase classname="ReqRes_API_Basic_Tests.ReqRes_API_Basic" name="deleteUser" time="0.434"/>
</testsuite> <!-- Default test -->
